#
# There is insufficient memory for the Java Runtime Environment to continue.
# Native memory allocation (malloc) failed to allocate 32744 bytes for Chunk::new
# Possible reasons:
#   The system is out of physical RAM or swap space
#   The process is running with CompressedOops enabled, and the Java Heap may be blocking the growth of the native heap
# Possible solutions:
#   Reduce memory load on the system
#   Increase physical memory or swap space
#   Check if swap backing store is full
#   Decrease Java heap size (-Xmx/-Xms)
#   Decrease number of Java threads
#   Decrease Java thread stack sizes (-Xss)
#   Set larger code cache with -XX:ReservedCodeCacheSize=
#   JVM is running with Zero Based Compressed Oops mode in which the Java heap is
#     placed in the first 32GB address space. The Java Heap base address is the
#     maximum limit for the native heap growth. Please use -XX:HeapBaseMinAddress
#     to set the Java Heap base and to place the Java Heap above 32GB virtual address.
# This output file may be truncated or incomplete.
#
#  Out of Memory Error (arena.cpp:184), pid=30992, tid=32272
#
# JRE version: Java(TM) SE Runtime Environment (19.0.2+7) (build 19.0.2+7-44)
# Java VM: Java HotSpot(TM) 64-Bit Server VM (19.0.2+7-44, mixed mode, sharing, tiered, compressed oops, compressed class ptrs, g1 gc, windows-amd64)
# No core dump will be written. Minidumps are not enabled by default on client versions of Windows
#

---------------  S U M M A R Y ------------

Command Line: -Dmaven.multiModuleProjectDirectory=C:\Users\ˆ¹“¤•…\Desktop\ŠJ”­ŠÂ‹«\SkyBlockPlugin -Djansi.passthrough=true -Dmaven.home=C:\Program Files\JetBrains\IntelliJ IDEA Community Edition 2022.3.3\plugins\maven\lib\maven3 -Dclassworlds.conf=C:\Program Files\JetBrains\IntelliJ IDEA Community Edition 2022.3.3\plugins\maven\lib\maven3\bin\m2.conf -Dmaven.ext.class.path=C:\Program Files\JetBrains\IntelliJ IDEA Community Edition 2022.3.3\plugins\maven\lib\maven-event-listener.jar -javaagent:C:\Program Files\JetBrains\IntelliJ IDEA Community Edition 2022.3.3\lib\idea_rt.jar=49451:C:\Program Files\JetBrains\IntelliJ IDEA Community Edition 2022.3.3\bin -Dfile.encoding=UTF-8 -Dsun.stdout.encoding=UTF-8 -Dsun.stderr.encoding=UTF-8 org.codehaus.classworlds.Launcher -Didea.version=2022.3.3 package

Host: Intel(R) Core(TM) i7-10700F CPU @ 2.90GHz, 16 cores, 15G,  Windows 10 , 64 bit Build 19041 (10.0.19041.2788)
Time: Sat Mar 25 13:38:53 2023  Windows 10 , 64 bit Build 19041 (10.0.19041.2788) elapsed time: 0.645268 seconds (0d 0h 0m 0s)

---------------  T H R E A D  ---------------

Current thread (0x000001771e205ca0):  JavaThread "C2 CompilerThread1" daemon [_thread_in_native, id=32272, stack(0x0000004267d00000,0x0000004267e00000)]


Current CompileTask:
C2:    645 1249       4       sun.nio.cs.StreamDecoder::lockedRead (189 bytes)

Stack: [0x0000004267d00000,0x0000004267e00000]
Native frames: (J=compiled Java code, j=interpreted, Vv=VM code, C=native code)
V  [jvm.dll+0x6ee21a]
V  [jvm.dll+0x85765e]
V  [jvm.dll+0x85904e]
V  [jvm.dll+0x859703]
V  [jvm.dll+0x28298f]
V  [jvm.dll+0xc9adf]
V  [jvm.dll+0xc9e65]
V  [jvm.dll+0x679f4e]
V  [jvm.dll+0x67a0ef]
V  [jvm.dll+0x67a0ef]
V  [jvm.dll+0x67fbfc]
V  [jvm.dll+0x680c0c]
V  [jvm.dll+0x67f064]
V  [jvm.dll+0x24c25e]
V  [jvm.dll+0x24b781]
V  [jvm.dll+0x1d6ce1]
V  [jvm.dll+0x25b25a]
V  [jvm.dll+0x2596e8]
V  [jvm.dll+0x807588]
V  [jvm.dll+0x80125a]
V  [jvm.dll+0x6ecf0b]
C  [ucrtbase.dll+0x21bb2]
C  [KERNEL32.DLL+0x17604]
C  [ntdll.dll+0x526a1]


---------------  P R O C E S S  ---------------

Threads class SMR info:
_java_thread_list=0x000001771f0173d0, length=21, elements={
0x0000017775d25150, 0x0000017719b7d7e0, 0x0000017719b7e5d0, 0x0000017719b7fa00,
0x0000017719b80c90, 0x0000017719b855f0, 0x0000017719b85f20, 0x0000017719b8c090,
0x0000017719b94e10, 0x0000017719b99790, 0x0000017719b4d8b0, 0x000001771e0c5850,
0x000001771e0c61e0, 0x000001771e297e60, 0x000001771e2983a0, 0x000001771e205ca0,
0x000001771e629840, 0x000001771ebf3c80, 0x000001771e6b7720, 0x000001771e802fe0,
0x000001771e803560
}

Java Threads: ( => current thread )
  0x0000017775d25150 JavaThread "main" [_thread_blocked, id=25176, stack(0x0000004266700000,0x0000004266800000)]
  0x0000017719b7d7e0 JavaThread "Reference Handler" daemon [_thread_blocked, id=35528, stack(0x0000004266e00000,0x0000004266f00000)]
  0x0000017719b7e5d0 JavaThread "Finalizer" daemon [_thread_blocked, id=23888, stack(0x0000004266f00000,0x0000004267000000)]
  0x0000017719b7fa00 JavaThread "Signal Dispatcher" daemon [_thread_blocked, id=9232, stack(0x0000004267000000,0x0000004267100000)]
  0x0000017719b80c90 JavaThread "Attach Listener" daemon [_thread_blocked, id=9236, stack(0x0000004267100000,0x0000004267200000)]
  0x0000017719b855f0 JavaThread "Service Thread" daemon [_thread_blocked, id=34788, stack(0x0000004267200000,0x0000004267300000)]
  0x0000017719b85f20 JavaThread "Monitor Deflation Thread" daemon [_thread_blocked, id=32288, stack(0x0000004267300000,0x0000004267400000)]
  0x0000017719b8c090 JavaThread "C2 CompilerThread0" daemon [_thread_in_native, id=32672, stack(0x0000004267400000,0x0000004267500000)]
  0x0000017719b94e10 JavaThread "C1 CompilerThread0" daemon [_thread_blocked, id=33848, stack(0x0000004267500000,0x0000004267600000)]
  0x0000017719b99790 JavaThread "Sweeper thread" daemon [_thread_blocked, id=22940, stack(0x0000004267600000,0x0000004267700000)]
  0x0000017719b4d8b0 JavaThread "Common-Cleaner" daemon [_thread_blocked, id=3528, stack(0x0000004267700000,0x0000004267800000)]
  0x000001771e0c5850 JavaThread "C1 CompilerThread1" daemon [_thread_blocked, id=32916, stack(0x0000004267800000,0x0000004267900000)]
  0x000001771e0c61e0 JavaThread "C1 CompilerThread2" daemon [_thread_in_native, id=32116, stack(0x0000004267900000,0x0000004267a00000)]
  0x000001771e297e60 JavaThread "Monitor Ctrl-Break" daemon [_thread_in_native, id=28928, stack(0x0000004267a00000,0x0000004267b00000)]
  0x000001771e2983a0 JavaThread "Notification Thread" daemon [_thread_blocked, id=28768, stack(0x0000004267b00000,0x0000004267c00000)]
=>0x000001771e205ca0 JavaThread "C2 CompilerThread1" daemon [_thread_in_native, id=32272, stack(0x0000004267d00000,0x0000004267e00000)]
  0x000001771e629840 JavaThread "C1 CompilerThread3" daemon [_thread_in_native, id=31808, stack(0x0000004267e00000,0x0000004267f00000)]
  0x000001771ebf3c80 JavaThread "C2 CompilerThread2" daemon [_thread_in_native, id=35008, stack(0x0000004267f00000,0x0000004268000000)]
  0x000001771e6b7720 JavaThread "C2 CompilerThread3" daemon [_thread_in_native, id=15536, stack(0x0000004268000000,0x0000004268100000)]
  0x000001771e802fe0 JavaThread "C2 CompilerThread4" daemon [_thread_blocked, id=32612, stack(0x0000004268100000,0x0000004268200000)]
  0x000001771e803560 JavaThread "C2 CompilerThread5" daemon [_thread_in_native, id=23080, stack(0x0000004268200000,0x0000004268300000)]

Other Threads:
  0x0000017719b60e80 VMThread "VM Thread" [stack: 0x0000004266d00000,0x0000004266e00000] [id=34116]
  0x00000177738cdec0 WatcherThread "VM Periodic Task Thread" [stack: 0x0000004267c00000,0x0000004267d00000] [id=33228]
  0x0000017775d94ec0 WorkerThread "GC Thread#0" [stack: 0x0000004266800000,0x0000004266900000] [id=33204]
  0x0000017719b60070 WorkerThread "GC Thread#1" [stack: 0x0000004268300000,0x0000004268400000] [id=31584]
  0x0000017775da7cf0 ConcurrentGCThread "G1 Main Marker" [stack: 0x0000004266900000,0x0000004266a00000] [id=18600]
  0x0000017775da91a0 WorkerThread "G1 Conc#0" [stack: 0x0000004266a00000,0x0000004266b00000] [id=34764]
  0x0000017719a14220 ConcurrentGCThread "G1 Refine#0" [stack: 0x0000004266b00000,0x0000004266c00000] [id=34648]
  0x0000017719a14c70 ConcurrentGCThread "G1 Service" [stack: 0x0000004266c00000,0x0000004266d00000] [id=32884]

Threads with active compile tasks:
C2 CompilerThread0      657 1250   !   4       sun.nio.cs.StreamDecoder::read (78 bytes)
C1 CompilerThread0      657 1292       3       java.lang.StringBuilder::charAt (6 bytes)
C1 CompilerThread1      658 1293       3       java.lang.AbstractStringBuilder::charAt (36 bytes)
C1 CompilerThread2      658 1290       3       org.eclipse.sisu.plexus.PlexusXmlScanner::TEXT (10 bytes)
C2 CompilerThread1      658 1249       4       sun.nio.cs.StreamDecoder::lockedRead (189 bytes)
C1 CompilerThread3      658 1291       3       org.codehaus.plexus.util.xml.pull.MXParser::nextText (103 bytes)
C2 CompilerThread2      658 1253       4       java.io.InputStreamReader::read (11 bytes)
C2 CompilerThread3      658 1256       4       java.io.Reader::read (21 bytes)
C2 CompilerThread4      658 1254       4       org.codehaus.plexus.util.xml.XmlReader::read (11 bytes)
C2 CompilerThread5      658 1255       4       org.codehaus.plexus.util.InterpolationFilterReader::read (477 bytes)

VM state: at safepoint (normal execution)

VM Mutex/Monitor currently owned by a thread:  ([mutex/lock_event])
[0x0000017775d24660] Threads_lock - owner thread: 0x0000017719b60e80
[0x0000017775d23340] Heap_lock - owner thread: 0x0000017775d25150

Heap address: 0x0000000702000000, size: 4064 MB, Compressed Oops mode: Zero based, Oop shift amount: 3

CDS archive(s) mapped at: [0x0000000800000000-0x0000000800c40000-0x0000000800c40000), size 12845056, SharedBaseAddress: 0x0000000800000000, ArchiveRelocationMode: 0.
Compressed class space mapped at: 0x0000000801000000-0x0000000841000000, reserved size: 1073741824
Narrow klass base: 0x0000000800000000, Narrow klass shift: 0, Narrow klass range: 0x100000000

GC Precious Log:
 CardTable entry size: 512
 Card Set container configuration: InlinePtr #cards 4 size 8 Array Of Cards #cards 16 size 48 Howl #buckets 8 coarsen threshold 3686 Howl Bitmap #cards 512 size 80 coarsen threshold 460 Card regions per heap region 1 cards per card region 4096
 CPUs: 16 total, 16 available
 Memory: 16252M
 Large Page Support: Disabled
 NUMA Support: Disabled
 Compressed Oops: Enabled (Zero based)
 Heap Region Size: 2M
 Heap Min Capacity: 8M
 Heap Initial Capacity: 254M
 Heap Max Capacity: 4064M
 Pre-touch: Disabled
 Parallel Workers: 13
 Concurrent Workers: 3
 Concurrent Refinement Workers: 13
 Periodic GC: Disabled

Heap:
 garbage-first heap   total 260096K, used 22528K [0x0000000702000000, 0x0000000800000000)
  region size 2048K, 13 young (26624K), 2 survivors (4096K)
 Metaspace       used 5976K, committed 6144K, reserved 1114112K
  class space    used 647K, committed 704K, reserved 1048576K

Heap Regions: E=young(eden), S=young(survivor), O=old, HS=humongous(starts), HC=humongous(continues), CS=collection set, F=free, OA=open archive, CA=closed archive, TAMS=top-at-mark-start (previous, next)
|   0|0x0000000702000000, 0x0000000702000000, 0x0000000702200000|  0%| F|  |TAMS 0x0000000702000000, 0x0000000702000000| Untracked 
|   1|0x0000000702200000, 0x0000000702200000, 0x0000000702400000|  0%| F|  |TAMS 0x0000000702200000, 0x0000000702200000| Untracked 
|   2|0x0000000702400000, 0x0000000702400000, 0x0000000702600000|  0%| F|  |TAMS 0x0000000702400000, 0x0000000702400000| Untracked 
|   3|0x0000000702600000, 0x0000000702600000, 0x0000000702800000|  0%| F|  |TAMS 0x0000000702600000, 0x0000000702600000| Untracked 
|   4|0x0000000702800000, 0x0000000702800000, 0x0000000702a00000|  0%| F|  |TAMS 0x0000000702800000, 0x0000000702800000| Untracked 
|   5|0x0000000702a00000, 0x0000000702a00000, 0x0000000702c00000|  0%| F|  |TAMS 0x0000000702a00000, 0x0000000702a00000| Untracked 
|   6|0x0000000702c00000, 0x0000000702c00000, 0x0000000702e00000|  0%| F|  |TAMS 0x0000000702c00000, 0x0000000702c00000| Untracked 
|   7|0x0000000702e00000, 0x0000000702e00000, 0x0000000703000000|  0%| F|  |TAMS 0x0000000702e00000, 0x0000000702e00000| Untracked 
|   8|0x0000000703000000, 0x0000000703000000, 0x0000000703200000|  0%| F|  |TAMS 0x0000000703000000, 0x0000000703000000| Untracked 
|   9|0x0000000703200000, 0x0000000703200000, 0x0000000703400000|  0%| F|  |TAMS 0x0000000703200000, 0x0000000703200000| Untracked 
|  10|0x0000000703400000, 0x0000000703400000, 0x0000000703600000|  0%| F|  |TAMS 0x0000000703400000, 0x0000000703400000| Untracked 
|  11|0x0000000703600000, 0x0000000703600000, 0x0000000703800000|  0%| F|  |TAMS 0x0000000703600000, 0x0000000703600000| Untracked 
|  12|0x0000000703800000, 0x0000000703800000, 0x0000000703a00000|  0%| F|  |TAMS 0x0000000703800000, 0x0000000703800000| Untracked 
|  13|0x0000000703a00000, 0x0000000703a00000, 0x0000000703c00000|  0%| F|  |TAMS 0x0000000703a00000, 0x0000000703a00000| Untracked 
|  14|0x0000000703c00000, 0x0000000703c00000, 0x0000000703e00000|  0%| F|  |TAMS 0x0000000703c00000, 0x0000000703c00000| Untracked 
|  15|0x0000000703e00000, 0x0000000703e00000, 0x0000000704000000|  0%| F|  |TAMS 0x0000000703e00000, 0x0000000703e00000| Untracked 
|  16|0x0000000704000000, 0x0000000704000000, 0x0000000704200000|  0%| F|  |TAMS 0x0000000704000000, 0x0000000704000000| Untracked 
|  17|0x0000000704200000, 0x0000000704200000, 0x0000000704400000|  0%| F|  |TAMS 0x0000000704200000, 0x0000000704200000| Untracked 
|  18|0x0000000704400000, 0x0000000704400000, 0x0000000704600000|  0%| F|  |TAMS 0x0000000704400000, 0x0000000704400000| Untracked 
|  19|0x0000000704600000, 0x0000000704600000, 0x0000000704800000|  0%| F|  |TAMS 0x0000000704600000, 0x0000000704600000| Untracked 
|  20|0x0000000704800000, 0x0000000704800000, 0x0000000704a00000|  0%| F|  |TAMS 0x0000000704800000, 0x0000000704800000| Untracked 
|  21|0x0000000704a00000, 0x0000000704a00000, 0x0000000704c00000|  0%| F|  |TAMS 0x0000000704a00000, 0x0000000704a00000| Untracked 
|  22|0x0000000704c00000, 0x0000000704c00000, 0x0000000704e00000|  0%| F|  |TAMS 0x0000000704c00000, 0x0000000704c00000| Untracked 
|  23|0x0000000704e00000, 0x0000000704e00000, 0x0000000705000000|  0%| F|  |TAMS 0x0000000704e00000, 0x0000000704e00000| Untracked 
|  24|0x0000000705000000, 0x0000000705000000, 0x0000000705200000|  0%| F|  |TAMS 0x0000000705000000, 0x0000000705000000| Untracked 
|  25|0x0000000705200000, 0x0000000705200000, 0x0000000705400000|  0%| F|  |TAMS 0x0000000705200000, 0x0000000705200000| Untracked 
|  26|0x0000000705400000, 0x0000000705400000, 0x0000000705600000|  0%| F|  |TAMS 0x0000000705400000, 0x0000000705400000| Untracked 
|  27|0x0000000705600000, 0x0000000705600000, 0x0000000705800000|  0%| F|  |TAMS 0x0000000705600000, 0x0000000705600000| Untracked 
|  28|0x0000000705800000, 0x0000000705800000, 0x0000000705a00000|  0%| F|  |TAMS 0x0000000705800000, 0x0000000705800000| Untracked 
|  29|0x0000000705a00000, 0x0000000705a00000, 0x0000000705c00000|  0%| F|  |TAMS 0x0000000705a00000, 0x0000000705a00000| Untracked 
|  30|0x0000000705c00000, 0x0000000705c00000, 0x0000000705e00000|  0%| F|  |TAMS 0x0000000705c00000, 0x0000000705c00000| Untracked 
|  31|0x0000000705e00000, 0x0000000705e00000, 0x0000000706000000|  0%| F|  |TAMS 0x0000000705e00000, 0x0000000705e00000| Untracked 
|  32|0x0000000706000000, 0x0000000706000000, 0x0000000706200000|  0%| F|  |TAMS 0x0000000706000000, 0x0000000706000000| Untracked 
|  33|0x0000000706200000, 0x0000000706200000, 0x0000000706400000|  0%| F|  |TAMS 0x0000000706200000, 0x0000000706200000| Untracked 
|  34|0x0000000706400000, 0x0000000706400000, 0x0000000706600000|  0%| F|  |TAMS 0x0000000706400000, 0x0000000706400000| Untracked 
|  35|0x0000000706600000, 0x0000000706600000, 0x0000000706800000|  0%| F|  |TAMS 0x0000000706600000, 0x0000000706600000| Untracked 
|  36|0x0000000706800000, 0x0000000706800000, 0x0000000706a00000|  0%| F|  |TAMS 0x0000000706800000, 0x0000000706800000| Untracked 
|  37|0x0000000706a00000, 0x0000000706a00000, 0x0000000706c00000|  0%| F|  |TAMS 0x0000000706a00000, 0x0000000706a00000| Untracked 
|  38|0x0000000706c00000, 0x0000000706c00000, 0x0000000706e00000|  0%| F|  |TAMS 0x0000000706c00000, 0x0000000706c00000| Untracked 
|  39|0x0000000706e00000, 0x0000000706e00000, 0x0000000707000000|  0%| F|  |TAMS 0x0000000706e00000, 0x0000000706e00000| Untracked 
|  40|0x0000000707000000, 0x0000000707000000, 0x0000000707200000|  0%| F|  |TAMS 0x0000000707000000, 0x0000000707000000| Untracked 
|  41|0x0000000707200000, 0x0000000707200000, 0x0000000707400000|  0%| F|  |TAMS 0x0000000707200000, 0x0000000707200000| Untracked 
|  42|0x0000000707400000, 0x0000000707400000, 0x0000000707600000|  0%| F|  |TAMS 0x0000000707400000, 0x0000000707400000| Untracked 
|  43|0x0000000707600000, 0x0000000707600000, 0x0000000707800000|  0%| F|  |TAMS 0x0000000707600000, 0x0000000707600000| Untracked 
|  44|0x0000000707800000, 0x0000000707800000, 0x0000000707a00000|  0%| F|  |TAMS 0x0000000707800000, 0x0000000707800000| Untracked 
|  45|0x0000000707a00000, 0x0000000707a00000, 0x0000000707c00000|  0%| F|  |TAMS 0x0000000707a00000, 0x0000000707a00000| Untracked 
|  46|0x0000000707c00000, 0x0000000707c00000, 0x0000000707e00000|  0%| F|  |TAMS 0x0000000707c00000, 0x0000000707c00000| Untracked 
|  47|0x0000000707e00000, 0x0000000707e00000, 0x0000000708000000|  0%| F|  |TAMS 0x0000000707e00000, 0x0000000707e00000| Untracked 
|  48|0x0000000708000000, 0x0000000708000000, 0x0000000708200000|  0%| F|  |TAMS 0x0000000708000000, 0x0000000708000000| Untracked 
|  49|0x0000000708200000, 0x0000000708200000, 0x0000000708400000|  0%| F|  |TAMS 0x0000000708200000, 0x0000000708200000| Untracked 
|  50|0x0000000708400000, 0x0000000708400000, 0x0000000708600000|  0%| F|  |TAMS 0x0000000708400000, 0x0000000708400000| Untracked 
|  51|0x0000000708600000, 0x0000000708600000, 0x0000000708800000|  0%| F|  |TAMS 0x0000000708600000, 0x0000000708600000| Untracked 
|  52|0x0000000708800000, 0x0000000708800000, 0x0000000708a00000|  0%| F|  |TAMS 0x0000000708800000, 0x0000000708800000| Untracked 
|  53|0x0000000708a00000, 0x0000000708a00000, 0x0000000708c00000|  0%| F|  |TAMS 0x0000000708a00000, 0x0000000708a00000| Untracked 
|  54|0x0000000708c00000, 0x0000000708c00000, 0x0000000708e00000|  0%| F|  |TAMS 0x0000000708c00000, 0x0000000708c00000| Untracked 
|  55|0x0000000708e00000, 0x0000000708e00000, 0x0000000709000000|  0%| F|  |TAMS 0x0000000708e00000, 0x0000000708e00000| Untracked 
|  56|0x0000000709000000, 0x0000000709000000, 0x0000000709200000|  0%| F|  |TAMS 0x0000000709000000, 0x0000000709000000| Untracked 
|  57|0x0000000709200000, 0x0000000709200000, 0x0000000709400000|  0%| F|  |TAMS 0x0000000709200000, 0x0000000709200000| Untracked 
|  58|0x0000000709400000, 0x0000000709400000, 0x0000000709600000|  0%| F|  |TAMS 0x0000000709400000, 0x0000000709400000| Untracked 
|  59|0x0000000709600000, 0x0000000709600000, 0x0000000709800000|  0%| F|  |TAMS 0x0000000709600000, 0x0000000709600000| Untracked 
|  60|0x0000000709800000, 0x0000000709800000, 0x0000000709a00000|  0%| F|  |TAMS 0x0000000709800000, 0x0000000709800000| Untracked 
|  61|0x0000000709a00000, 0x0000000709a00000, 0x0000000709c00000|  0%| F|  |TAMS 0x0000000709a00000, 0x0000000709a00000| Untracked 
|  62|0x0000000709c00000, 0x0000000709c00000, 0x0000000709e00000|  0%| F|  |TAMS 0x0000000709c00000, 0x0000000709c00000| Untracked 
|  63|0x0000000709e00000, 0x0000000709e00000, 0x000000070a000000|  0%| F|  |TAMS 0x0000000709e00000, 0x0000000709e00000| Untracked 
|  64|0x000000070a000000, 0x000000070a000000, 0x000000070a200000|  0%| F|  |TAMS 0x000000070a000000, 0x000000070a000000| Untracked 
|  65|0x000000070a200000, 0x000000070a200000, 0x000000070a400000|  0%| F|  |TAMS 0x000000070a200000, 0x000000070a200000| Untracked 
|  66|0x000000070a400000, 0x000000070a400000, 0x000000070a600000|  0%| F|  |TAMS 0x000000070a400000, 0x000000070a400000| Untracked 
|  67|0x000000070a600000, 0x000000070a600000, 0x000000070a800000|  0%| F|  |TAMS 0x000000070a600000, 0x000000070a600000| Untracked 
|  68|0x000000070a800000, 0x000000070a800000, 0x000000070aa00000|  0%| F|  |TAMS 0x000000070a800000, 0x000000070a800000| Untracked 
|  69|0x000000070aa00000, 0x000000070aa00000, 0x000000070ac00000|  0%| F|  |TAMS 0x000000070aa00000, 0x000000070aa00000| Untracked 
|  70|0x000000070ac00000, 0x000000070ac00000, 0x000000070ae00000|  0%| F|  |TAMS 0x000000070ac00000, 0x000000070ac00000| Untracked 
|  71|0x000000070ae00000, 0x000000070ae00000, 0x000000070b000000|  0%| F|  |TAMS 0x000000070ae00000, 0x000000070ae00000| Untracked 
|  72|0x000000070b000000, 0x000000070b000000, 0x000000070b200000|  0%| F|  |TAMS 0x000000070b000000, 0x000000070b000000| Untracked 
|  73|0x000000070b200000, 0x000000070b200000, 0x000000070b400000|  0%| F|  |TAMS 0x000000070b200000, 0x000000070b200000| Untracked 
|  74|0x000000070b400000, 0x000000070b400000, 0x000000070b600000|  0%| F|  |TAMS 0x000000070b400000, 0x000000070b400000| Untracked 
|  75|0x000000070b600000, 0x000000070b600000, 0x000000070b800000|  0%| F|  |TAMS 0x000000070b600000, 0x000000070b600000| Untracked 
|  76|0x000000070b800000, 0x000000070b800000, 0x000000070ba00000|  0%| F|  |TAMS 0x000000070b800000, 0x000000070b800000| Untracked 
|  77|0x000000070ba00000, 0x000000070ba00000, 0x000000070bc00000|  0%| F|  |TAMS 0x000000070ba00000, 0x000000070ba00000| Untracked 
|  78|0x000000070bc00000, 0x000000070bc00000, 0x000000070be00000|  0%| F|  |TAMS 0x000000070bc00000, 0x000000070bc00000| Untracked 
|  79|0x000000070be00000, 0x000000070be00000, 0x000000070c000000|  0%| F|  |TAMS 0x000000070be00000, 0x000000070be00000| Untracked 
|  80|0x000000070c000000, 0x000000070c000000, 0x000000070c200000|  0%| F|  |TAMS 0x000000070c000000, 0x000000070c000000| Untracked 
|  81|0x000000070c200000, 0x000000070c200000, 0x000000070c400000|  0%| F|  |TAMS 0x000000070c200000, 0x000000070c200000| Untracked 
|  82|0x000000070c400000, 0x000000070c400000, 0x000000070c600000|  0%| F|  |TAMS 0x000000070c400000, 0x000000070c400000| Untracked 
|  83|0x000000070c600000, 0x000000070c600000, 0x000000070c800000|  0%| F|  |TAMS 0x000000070c600000, 0x000000070c600000| Untracked 
|  84|0x000000070c800000, 0x000000070c800000, 0x000000070ca00000|  0%| F|  |TAMS 0x000000070c800000, 0x000000070c800000| Untracked 
|  85|0x000000070ca00000, 0x000000070ca00000, 0x000000070cc00000|  0%| F|  |TAMS 0x000000070ca00000, 0x000000070ca00000| Untracked 
|  86|0x000000070cc00000, 0x000000070cc00000, 0x000000070ce00000|  0%| F|  |TAMS 0x000000070cc00000, 0x000000070cc00000| Untracked 
|  87|0x000000070ce00000, 0x000000070ce00000, 0x000000070d000000|  0%| F|  |TAMS 0x000000070ce00000, 0x000000070ce00000| Untracked 
|  88|0x000000070d000000, 0x000000070d000000, 0x000000070d200000|  0%| F|  |TAMS 0x000000070d000000, 0x000000070d000000| Untracked 
|  89|0x000000070d200000, 0x000000070d200000, 0x000000070d400000|  0%| F|  |TAMS 0x000000070d200000, 0x000000070d200000| Untracked 
|  90|0x000000070d400000, 0x000000070d400000, 0x000000070d600000|  0%| F|  |TAMS 0x000000070d400000, 0x000000070d400000| Untracked 
|  91|0x000000070d600000, 0x000000070d600000, 0x000000070d800000|  0%| F|  |TAMS 0x000000070d600000, 0x000000070d600000| Untracked 
|  92|0x000000070d800000, 0x000000070d800000, 0x000000070da00000|  0%| F|  |TAMS 0x000000070d800000, 0x000000070d800000| Untracked 
|  93|0x000000070da00000, 0x000000070da00000, 0x000000070dc00000|  0%| F|  |TAMS 0x000000070da00000, 0x000000070da00000| Untracked 
|  94|0x000000070dc00000, 0x000000070dc00000, 0x000000070de00000|  0%| F|  |TAMS 0x000000070dc00000, 0x000000070dc00000| Untracked 
|  95|0x000000070de00000, 0x000000070de00000, 0x000000070e000000|  0%| F|  |TAMS 0x000000070de00000, 0x000000070de00000| Untracked 
|  96|0x000000070e000000, 0x000000070e000000, 0x000000070e200000|  0%| F|  |TAMS 0x000000070e000000, 0x000000070e000000| Untracked 
|  97|0x000000070e200000, 0x000000070e200000, 0x000000070e400000|  0%| F|  |TAMS 0x000000070e200000, 0x000000070e200000| Untracked 
|  98|0x000000070e400000, 0x000000070e400000, 0x000000070e600000|  0%| F|  |TAMS 0x000000070e400000, 0x000000070e400000| Untracked 
|  99|0x000000070e600000, 0x000000070e600000, 0x000000070e800000|  0%| F|  |TAMS 0x000000070e600000, 0x000000070e600000| Untracked 
| 100|0x000000070e800000, 0x000000070e800000, 0x000000070ea00000|  0%| F|  |TAMS 0x000000070e800000, 0x000000070e800000| Untracked 
| 101|0x000000070ea00000, 0x000000070ea00000, 0x000000070ec00000|  0%| F|  |TAMS 0x000000070ea00000, 0x000000070ea00000| Untracked 
| 102|0x000000070ec00000, 0x000000070ec00000, 0x000000070ee00000|  0%| F|  |TAMS 0x000000070ec00000, 0x000000070ec00000| Untracked 
| 103|0x000000070ee00000, 0x000000070ee00000, 0x000000070f000000|  0%| F|  |TAMS 0x000000070ee00000, 0x000000070ee00000| Untracked 
| 104|0x000000070f000000, 0x000000070f000000, 0x000000070f200000|  0%| F|  |TAMS 0x000000070f000000, 0x000000070f000000| Untracked 
| 105|0x000000070f200000, 0x000000070f200000, 0x000000070f400000|  0%| F|  |TAMS 0x000000070f200000, 0x000000070f200000| Untracked 
| 106|0x000000070f400000, 0x000000070f400000, 0x000000070f600000|  0%| F|  |TAMS 0x000000070f400000, 0x000000070f400000| Untracked 
| 107|0x000000070f600000, 0x000000070f600000, 0x000000070f800000|  0%| F|  |TAMS 0x000000070f600000, 0x000000070f600000| Untracked 
| 108|0x000000070f800000, 0x000000070f800000, 0x000000070fa00000|  0%| F|  |TAMS 0x000000070f800000, 0x000000070f800000| Untracked 
| 109|0x000000070fa00000, 0x000000070fa00000, 0x000000070fc00000|  0%| F|  |TAMS 0x000000070fa00000, 0x000000070fa00000| Untracked 
| 110|0x000000070fc00000, 0x000000070fc00000, 0x000000070fe00000|  0%| F|  |TAMS 0x000000070fc00000, 0x000000070fc00000| Untracked 
| 111|0x000000070fe00000, 0x000000070fe00000, 0x0000000710000000|  0%| F|  |TAMS 0x000000070fe00000, 0x000000070fe00000| Untracked 
| 112|0x0000000710000000, 0x0000000710000000, 0x0000000710200000|  0%| F|  |TAMS 0x0000000710000000, 0x0000000710000000| Untracked 
| 113|0x0000000710200000, 0x0000000710200000, 0x0000000710400000|  0%| F|  |TAMS 0x0000000710200000, 0x0000000710200000| Untracked 
| 114|0x0000000710400000, 0x0000000710600000, 0x0000000710600000|100%| S|  |TAMS 0x0000000710400000, 0x0000000710400000| Complete 
| 115|0x0000000710600000, 0x0000000710800000, 0x0000000710800000|100%| S|  |TAMS 0x0000000710600000, 0x0000000710600000| Complete 
| 116|0x0000000710800000, 0x0000000710a00000, 0x0000000710a00000|100%| E|CS|TAMS 0x0000000710800000, 0x0000000710800000| Complete 
| 117|0x0000000710a00000, 0x0000000710c00000, 0x0000000710c00000|100%| E|CS|TAMS 0x0000000710a00000, 0x0000000710a00000| Complete 
| 118|0x0000000710c00000, 0x0000000710e00000, 0x0000000710e00000|100%| E|CS|TAMS 0x0000000710c00000, 0x0000000710c00000| Complete 
| 119|0x0000000710e00000, 0x0000000711000000, 0x0000000711000000|100%| E|CS|TAMS 0x0000000710e00000, 0x0000000710e00000| Complete 
| 120|0x0000000711000000, 0x0000000711200000, 0x0000000711200000|100%| E|CS|TAMS 0x0000000711000000, 0x0000000711000000| Complete 
| 121|0x0000000711200000, 0x0000000711400000, 0x0000000711400000|100%| E|CS|TAMS 0x0000000711200000, 0x0000000711200000| Complete 
| 122|0x0000000711400000, 0x0000000711600000, 0x0000000711600000|100%| E|CS|TAMS 0x0000000711400000, 0x0000000711400000| Complete 
| 123|0x0000000711600000, 0x0000000711800000, 0x0000000711800000|100%| E|CS|TAMS 0x0000000711600000, 0x0000000711600000| Complete 
| 124|0x0000000711800000, 0x0000000711a00000, 0x0000000711a00000|100%| E|CS|TAMS 0x0000000711800000, 0x0000000711800000| Complete 
| 125|0x0000000711a00000, 0x0000000711c00000, 0x0000000711c00000|100%| E|CS|TAMS 0x0000000711a00000, 0x0000000711a00000| Complete 
| 126|0x0000000711c00000, 0x0000000711e00000, 0x0000000711e00000|100%| E|CS|TAMS 0x0000000711c00000, 0x0000000711c00000| Complete 

Card table byte_map: [0x000001777ed10000,0x000001777f500000] _byte_map_base: 0x000001777b500000

Marking Bits (Prev, Next): (CMBitMap*) 0x0000017775d96410, (CMBitMap*) 0x0000017775d96450
 Prev Bits: [0x000001770f000000, 0x0000017712f80000)
 Next Bits: [0x0000017712f80000, 0x0000017716f00000)

Polling page: 0x0000017773af0000

Metaspace:

Usage:
  Non-class:      5.20 MB used.
      Class:    647.32 KB used.
       Both:      5.84 MB used.

Virtual space:
  Non-class space:       64.00 MB reserved,       5.31 MB (  8%) committed,  1 nodes.
      Class space:        1.00 GB reserved,     704.00 KB ( <1%) committed,  1 nodes.
             Both:        1.06 GB reserved,       6.00 MB ( <1%) committed. 

Chunk freelists:
   Non-Class:  1.42 MB
       Class:  3.34 MB
        Both:  4.77 MB

MaxMetaspaceSize: unlimited
CompressedClassSpaceSize: 1.00 GB
Initial GC threshold: 21.00 MB
Current GC threshold: 21.00 MB
CDS: on
MetaspaceReclaimPolicy: balanced
 - commit_granule_bytes: 65536.
 - commit_granule_words: 8192.
 - virtual_space_node_default_size: 8388608.
 - enlarge_chunks_in_place: 1.
 - new_chunks_are_fully_committed: 0.
 - uncommit_free_chunks: 1.
 - use_allocation_guard: 0.


Internal statistics:

num_allocs_failed_limit: 0.
num_arena_births: 54.
num_arena_deaths: 0.
num_vsnodes_births: 2.
num_vsnodes_deaths: 0.
num_space_committed: 96.
num_space_uncommitted: 0.
num_chunks_returned_to_freelist: 0.
num_chunks_taken_from_freelist: 188.
num_chunk_merges: 0.
num_chunk_splits: 129.
num_chunks_enlarged: 105.
num_inconsistent_stats: 0.

CodeHeap 'non-profiled nmethods': size=119168Kb used=386Kb max_used=386Kb free=118781Kb
 bounds [0x0000017707ba0000, 0x0000017707e10000, 0x000001770f000000]
CodeHeap 'profiled nmethods': size=119104Kb used=2471Kb max_used=2471Kb free=116632Kb
 bounds [0x0000017700000000, 0x0000017700270000, 0x0000017707450000]
CodeHeap 'non-nmethods': size=7488Kb used=2939Kb max_used=2968Kb free=4548Kb
 bounds [0x0000017707450000, 0x0000017707740000, 0x0000017707ba0000]
 total_blobs=1731 nmethods=1266 adapters=373
 compilation: enabled
              stopped_count=0, restarted_count=0
 full_count=0

Compilation events (20 events):
Event: 0.634 Thread 0x000001771e0c5850 nmethod 1265 0x0000017700258c90 code [0x0000017700258e40, 0x0000017700258fe8]
Event: 0.634 Thread 0x000001771e0c5850 1267       1       org.codehaus.plexus.util.xml.pull.MXParser::getEventType (5 bytes)
Event: 0.635 Thread 0x000001771e0c61e0 1268       3       org.codehaus.plexus.util.xml.pull.MXParser::getName (84 bytes)
Event: 0.635 Thread 0x000001771e0c5850 nmethod 1267 0x0000017707c00410 code [0x0000017707c005a0, 0x0000017707c00658]
Event: 0.635 Thread 0x000001771e0c61e0 nmethod 1268 0x0000017700259110 code [0x00000177002592e0, 0x00000177002596a8]
Event: 0.635 Thread 0x0000017719b94e10 nmethod 1260 0x0000017700259810 code [0x000001770025a200, 0x000001770025fe78]
Event: 0.635 Thread 0x000001771e629840 nmethod 1264 0x0000017700262410 code [0x0000017700262980, 0x00000177002656a8]
Event: 0.638 Thread 0x0000017719b94e10 1278       3       org.codehaus.plexus.util.xml.pull.MXParser::isWhitespace (116 bytes)
Event: 0.638 Thread 0x000001771e629840 1279       3       org.codehaus.plexus.util.xml.pull.MXParser::ensureElementsCapacity (265 bytes)
Event: 0.638 Thread 0x000001771e0c61e0 1280       3       java.util.HashMap::isEmpty (13 bytes)
Event: 0.638 Thread 0x000001771e0c5850 1281       3       org.codehaus.plexus.util.xml.pull.MXParser::nextTag (82 bytes)
Event: 0.638 Thread 0x000001771e0c61e0 nmethod 1280 0x0000017700266890 code [0x0000017700266a20, 0x0000017700266b98]
Event: 0.638 Thread 0x0000017719b94e10 nmethod 1278 0x0000017700266c10 code [0x0000017700266e40, 0x00000177002676e8]
Event: 0.638 Thread 0x000001771e629840 nmethod 1279 0x0000017700267910 code [0x0000017700267b80, 0x0000017700268ca8]
Event: 0.638 Thread 0x000001771e6b7720 1266       4       org.codehaus.plexus.util.xml.pull.MXParser::more (79 bytes)
Event: 0.638 Thread 0x000001771e802fe0 1254       4       org.codehaus.plexus.util.xml.XmlReader::read (11 bytes)
Event: 0.639 Thread 0x000001771e0c5850 nmethod 1281 0x0000017700268f90 code [0x0000017700269200, 0x0000017700269b58]
Event: 0.639 Thread 0x000001771e803560 1255       4       org.codehaus.plexus.util.InterpolationFilterReader::read (477 bytes)
Event: 0.639 Thread 0x000001771e6b7720 nmethod 1266 0x0000017707c00710 code [0x0000017707c008a0, 0x0000017707c009e8]
Event: 0.639 Thread 0x000001771e6b7720 1256       4       java.io.Reader::read (21 bytes)

GC Heap History (0 events):
No events

Dll operation events (12 events):
Event: 0.006 Loaded shared library C:\Program Files\Java\jdk-19\bin\java.dll
Event: 0.239 Loaded shared library C:\Program Files\Java\jdk-19\bin\jsvml.dll
Event: 0.273 Loaded shared library C:\Program Files\Java\jdk-19\bin\zip.dll
Event: 0.276 Loaded shared library C:\Program Files\Java\jdk-19\bin\instrument.dll
Event: 0.279 Loaded shared library C:\Program Files\Java\jdk-19\bin\net.dll
Event: 0.280 Loaded shared library C:\Program Files\Java\jdk-19\bin\nio.dll
Event: 0.282 Loaded shared library C:\Program Files\Java\jdk-19\bin\zip.dll
Event: 0.291 Loaded shared library C:\Program Files\JetBrains\IntelliJ IDEA Community Edition 2022.3.3\bin\breakgen64.dll
Event: 0.296 Loaded shared library C:\Program Files\Java\jdk-19\bin\extnet.dll
Event: 0.348 Loaded shared library C:\Program Files\Java\jdk-19\bin\verify.dll
Event: 0.352 Loaded shared library C:\Program Files\Java\jdk-19\bin\jimage.dll
Event: 0.431 Loaded shared library C:\Users\ˆ¹“¤•…\AppData\Local\Temp\jansi-1.17.1-3072047831295774423.dll

Deoptimization events (20 events):
Event: 0.623 Thread 0x0000017775d25150 DEOPT PACKING pc=0x0000017707bfd4c8 sp=0x00000042667fa4d0
Event: 0.623 Thread 0x0000017775d25150 DEOPT UNPACKING pc=0x00000177074b6da3 sp=0x00000042667fa458 mode 2
Event: 0.623 Thread 0x0000017775d25150 Uncommon trap: trap_request=0xffffffde fr.pc=0x0000017707bfd4c8 relative=0x0000000000000128
Event: 0.623 Thread 0x0000017775d25150 Uncommon trap: reason=class_check action=maybe_recompile pc=0x0000017707bfd4c8 method=jdk.internal.misc.Unsafe.allocateUninitializedArray(Ljava/lang/Class;I)Ljava/lang/Object; @ 51 c2
Event: 0.623 Thread 0x0000017775d25150 DEOPT PACKING pc=0x0000017707bfd4c8 sp=0x00000042667fa570
Event: 0.623 Thread 0x0000017775d25150 DEOPT UNPACKING pc=0x00000177074b6da3 sp=0x00000042667fa4f8 mode 2
Event: 0.626 Thread 0x0000017775d25150 Uncommon trap: trap_request=0xffffff45 fr.pc=0x0000017707be4cbc relative=0x00000000000005dc
Event: 0.626 Thread 0x0000017775d25150 Uncommon trap: reason=unstable_if action=reinterpret pc=0x0000017707be4cbc method=java.util.regex.Matcher.search(I)Z @ 30 c2
Event: 0.626 Thread 0x0000017775d25150 DEOPT PACKING pc=0x0000017707be4cbc sp=0x00000042667fe3c0
Event: 0.626 Thread 0x0000017775d25150 DEOPT UNPACKING pc=0x00000177074b6da3 sp=0x00000042667fe390 mode 2
Event: 0.626 Thread 0x0000017775d25150 Uncommon trap: trap_request=0xffffff76 fr.pc=0x0000017707be1508 relative=0x0000000000000248
Event: 0.626 Thread 0x0000017775d25150 Uncommon trap: reason=predicate action=maybe_recompile pc=0x0000017707be1508 method=java.util.regex.Pattern$BmpCharPropertyGreedy.match(Ljava/util/regex/Matcher;ILjava/lang/CharSequence;)Z @ 12 c2
Event: 0.626 Thread 0x0000017775d25150 DEOPT PACKING pc=0x0000017707be1508 sp=0x00000042667fe170
Event: 0.626 Thread 0x0000017775d25150 DEOPT UNPACKING pc=0x00000177074b6da3 sp=0x00000042667fe128 mode 2
Event: 0.626 Thread 0x0000017775d25150 Uncommon trap: trap_request=0xffffff45 fr.pc=0x0000017707bd9854 relative=0x00000000000000b4
Event: 0.626 Thread 0x0000017775d25150 Uncommon trap: reason=unstable_if action=reinterpret pc=0x0000017707bd9854 method=org.codehaus.plexus.util.xml.pull.MXParser.more()C @ 8 c2
Event: 0.626 Thread 0x0000017775d25150 DEOPT PACKING pc=0x0000017707bd9854 sp=0x00000042667fe5f0
Event: 0.626 Thread 0x0000017775d25150 DEOPT UNPACKING pc=0x00000177074b6da3 sp=0x00000042667fe580 mode 2
Event: 0.626 Thread 0x0000017775d25150 DEOPT PACKING pc=0x00000177000777d1 sp=0x00000042667fdb40
Event: 0.626 Thread 0x0000017775d25150 DEOPT UNPACKING pc=0x00000177074b7543 sp=0x00000042667fcf68 mode 0

Classes loaded (20 events):
Event: 0.616 Loading class sun/reflect/generics/repository/GenericDeclRepository done
Event: 0.616 Loading class sun/reflect/generics/repository/ClassRepository done
Event: 0.616 Loading class java/lang/reflect/TypeVariable
Event: 0.616 Loading class java/lang/reflect/TypeVariable done
Event: 0.616 Loading class sun/reflect/generics/tree/FormalTypeParameter
Event: 0.616 Loading class sun/reflect/generics/tree/FormalTypeParameter done
Event: 0.616 Loading class sun/reflect/generics/tree/ClassSignature
Event: 0.616 Loading class sun/reflect/generics/tree/Signature
Event: 0.616 Loading class sun/reflect/generics/tree/Signature done
Event: 0.616 Loading class sun/reflect/generics/tree/ClassSignature done
Event: 0.616 Loading class java/lang/reflect/WildcardType
Event: 0.616 Loading class java/lang/reflect/WildcardType done
Event: 0.617 Loading class sun/reflect/generics/tree/TypeVariableSignature
Event: 0.617 Loading class sun/reflect/generics/tree/TypeVariableSignature done
Event: 0.622 Loading class java/lang/annotation/IncompleteAnnotationException
Event: 0.622 Loading class java/lang/annotation/IncompleteAnnotationException done
Event: 0.637 Loading class java/lang/foreign/MemorySegment
Event: 0.637 Loading class java/lang/foreign/Addressable
Event: 0.637 Loading class java/lang/foreign/Addressable done
Event: 0.637 Loading class java/lang/foreign/MemorySegment done

Classes unloaded (0 events):
No events

Classes redefined (0 events):
No events

Internal exceptions (6 events):
Event: 0.285 Thread 0x0000017775d25150 Exception <a 'java/lang/NoSuchMethodError'{0x0000000711b5d8a0}: 'void java.lang.invoke.DirectMethodHandle$Holder.invokeStatic(java.lang.Object, java.lang.Object, java.lang.Object)'> (0x0000000711b5d8a0) 
thrown [s\open\src\hotspot\share\interpreter\linkResolver.cpp, line 774]
Event: 0.288 Thread 0x0000017775d25150 Exception <a 'java/lang/NoSuchMethodError'{0x0000000711b75e98}: 'java.lang.Object java.lang.invoke.Invokers$Holder.invokeExact_MT(java.lang.Object, java.lang.Object, java.lang.Object, java.lang.Object, java.lang.Object)'> (0x0000000711b75e98) 
thrown [s\open\src\hotspot\share\interpreter\linkResolver.cpp, line 774]
Event: 0.296 Thread 0x000001771e297e60 Exception <a 'java/lang/NoSuchMethodError'{0x0000000711bcaf58}: 'void java.lang.invoke.DirectMethodHandle$Holder.invokeStatic(java.lang.Object, java.lang.Object)'> (0x0000000711bcaf58) 
thrown [s\open\src\hotspot\share\interpreter\linkResolver.cpp, line 774]
Event: 0.366 Thread 0x0000017775d25150 Exception <a 'java/lang/NoSuchMethodError'{0x000000071174a3d8}: 'java.lang.Object java.lang.invoke.DirectMethodHandle$Holder.invokeStaticInit(java.lang.Object, int, int, int, int)'> (0x000000071174a3d8) 
thrown [s\open\src\hotspot\share\interpreter\linkResolver.cpp, line 774]
Event: 0.409 Thread 0x0000017775d25150 Exception <a 'java/lang/NoSuchMethodError'{0x0000000711456738}: 'java.lang.Object java.lang.invoke.DirectMethodHandle$Holder.invokeStaticInit(java.lang.Object, java.lang.Object, int, int, int, int)'> (0x0000000711456738) 
thrown [s\open\src\hotspot\share\interpreter\linkResolver.cpp, line 774]
Event: 0.601 Thread 0x0000017775d25150 Exception <a 'java/lang/NoSuchMethodError'{0x0000000710a31ec8}: 'java.lang.Object java.lang.invoke.DirectMethodHandle$Holder.newInvokeSpecial(java.lang.Object, java.lang.Object, java.lang.Object, java.lang.Object, java.lang.Object)'> (0x0000000710a31ec8) 
thrown [s\open\src\hotspot\share\interpreter\linkResolver.cpp, line 774]

VM Operations (14 events):
Event: 0.266 Executing VM operation: HandshakeAllThreads
Event: 0.266 Executing VM operation: HandshakeAllThreads done
Event: 0.292 Executing VM operation: HandshakeAllThreads
Event: 0.293 Executing VM operation: HandshakeAllThreads done
Event: 0.346 Executing VM operation: HandshakeAllThreads
Event: 0.346 Executing VM operation: HandshakeAllThreads done
Event: 0.412 Executing VM operation: HandshakeAllThreads
Event: 0.412 Executing VM operation: HandshakeAllThreads done
Event: 0.456 Executing VM operation: HandshakeAllThreads
Event: 0.456 Executing VM operation: HandshakeAllThreads done
Event: 0.477 Executing VM operation: HandshakeAllThreads
Event: 0.477 Executing VM operation: HandshakeAllThreads done
Event: 0.537 Executing VM operation: ICBufferFull
Event: 0.537 Executing VM operation: ICBufferFull done

Events (20 events):
Event: 0.249 Thread 0x0000017719b7d7e0 Thread added: 0x0000017719b7d7e0
Event: 0.249 Thread 0x0000017719b7e5d0 Thread added: 0x0000017719b7e5d0
Event: 0.249 Thread 0x0000017719b7fa00 Thread added: 0x0000017719b7fa00
Event: 0.249 Thread 0x0000017719b80c90 Thread added: 0x0000017719b80c90
Event: 0.249 Thread 0x0000017719b855f0 Thread added: 0x0000017719b855f0
Event: 0.249 Thread 0x0000017719b85f20 Thread added: 0x0000017719b85f20
Event: 0.249 Thread 0x0000017719b8c090 Thread added: 0x0000017719b8c090
Event: 0.250 Thread 0x0000017719b94e10 Thread added: 0x0000017719b94e10
Event: 0.250 Thread 0x0000017719b99790 Thread added: 0x0000017719b99790
Event: 0.262 Thread 0x0000017719b4d8b0 Thread added: 0x0000017719b4d8b0
Event: 0.266 Thread 0x000001771e0c5850 Thread added: 0x000001771e0c5850
Event: 0.266 Thread 0x000001771e0c61e0 Thread added: 0x000001771e0c61e0
Event: 0.291 Thread 0x000001771e297e60 Thread added: 0x000001771e297e60
Event: 0.291 Thread 0x000001771e2983a0 Thread added: 0x000001771e2983a0
Event: 0.302 Thread 0x000001771e205ca0 Thread added: 0x000001771e205ca0
Event: 0.503 Thread 0x000001771e629840 Thread added: 0x000001771e629840
Event: 0.630 Thread 0x000001771ebf3c80 Thread added: 0x000001771ebf3c80
Event: 0.638 Thread 0x000001771e6b7720 Thread added: 0x000001771e6b7720
Event: 0.638 Thread 0x000001771e802fe0 Thread added: 0x000001771e802fe0
Event: 0.638 Thread 0x000001771e803560 Thread added: 0x000001771e803560


Dynamic libraries:
0x00007ff725e20000 - 0x00007ff725e30000 	C:\Program Files\Java\jdk-19\bin\java.exe
0x00007ffbd6cf0000 - 0x00007ffbd6ee8000 	C:\WINDOWS\SYSTEM32\ntdll.dll
0x00007ffbd6a40000 - 0x00007ffbd6aff000 	C:\WINDOWS\System32\KERNEL32.DLL
0x00007ffbd4730000 - 0x00007ffbd4a0a000 	C:\WINDOWS\System32\KERNELBASE.dll
0x00007ffbd4400000 - 0x00007ffbd4500000 	C:\WINDOWS\System32\ucrtbase.dll
0x00007ffb8e690000 - 0x00007ffb8e6a8000 	C:\Program Files\Java\jdk-19\bin\jli.dll
0x00007ffb8e230000 - 0x00007ffb8e24b000 	C:\Program Files\Java\jdk-19\bin\VCRUNTIME140.dll
0x00007ffbd6990000 - 0x00007ffbd6a3e000 	C:\WINDOWS\System32\ADVAPI32.dll
0x00007ffbd5440000 - 0x00007ffbd54de000 	C:\WINDOWS\System32\msvcrt.dll
0x00007ffbd66c0000 - 0x00007ffbd675c000 	C:\WINDOWS\System32\sechost.dll
0x00007ffbd4d50000 - 0x00007ffbd4e74000 	C:\WINDOWS\System32\RPCRT4.dll
0x00007ffbd4e80000 - 0x00007ffbd501d000 	C:\WINDOWS\System32\USER32.dll
0x00007ffbd4a80000 - 0x00007ffbd4aa2000 	C:\WINDOWS\System32\win32u.dll
0x00007ffbd54e0000 - 0x00007ffbd550b000 	C:\WINDOWS\System32\GDI32.dll
0x00007ffbd4b00000 - 0x00007ffbd4c10000 	C:\WINDOWS\System32\gdi32full.dll
0x00007ffbd4500000 - 0x00007ffbd459d000 	C:\WINDOWS\System32\msvcp_win.dll
0x00007ffbb4e00000 - 0x00007ffbb509a000 	C:\WINDOWS\WinSxS\amd64_microsoft.windows.common-controls_6595b64144ccf1df_6.0.19041.1110_none_60b5254171f9507e\COMCTL32.dll
0x00007ffbcded0000 - 0x00007ffbcdeda000 	C:\WINDOWS\SYSTEM32\VERSION.dll
0x00007ffbd6c80000 - 0x00007ffbd6cb0000 	C:\WINDOWS\System32\IMM32.DLL
0x00007ffb7df10000 - 0x00007ffb7e07b000 	C:\WINDOWS\system32\tmumh\20019\AddOn\8.55.0.1125\TmUmEvt64.dll
0x00007ffbd6580000 - 0x00007ffbd6588000 	C:\WINDOWS\System32\PSAPI.DLL
0x00000000548d0000 - 0x0000000054a43000 	C:\WINDOWS\system32\tmumh\20019\TmMon\2.9.0.1043\tmmon64.dll
0x00007ffb9d170000 - 0x00007ffb9d17c000 	C:\Program Files\Java\jdk-19\bin\vcruntime140_1.dll
0x00007ffb7f9b0000 - 0x00007ffb7fa3e000 	C:\Program Files\Java\jdk-19\bin\msvcp140.dll
0x00007ffb60410000 - 0x00007ffb610d0000 	C:\Program Files\Java\jdk-19\bin\server\jvm.dll
0x00007ffbc5500000 - 0x00007ffbc5527000 	C:\WINDOWS\SYSTEM32\WINMM.dll
0x00007ffbb1e10000 - 0x00007ffbb1e19000 	C:\WINDOWS\SYSTEM32\WSOCK32.dll
0x00007ffbd6460000 - 0x00007ffbd64cb000 	C:\WINDOWS\System32\WS2_32.dll
0x00007ffbd2c70000 - 0x00007ffbd2c82000 	C:\WINDOWS\SYSTEM32\kernel.appcore.dll
0x00007ffb95680000 - 0x00007ffb9568a000 	C:\Program Files\Java\jdk-19\bin\jimage.dll
0x00007ffbd21c0000 - 0x00007ffbd23a4000 	C:\WINDOWS\SYSTEM32\DBGHELP.DLL
0x00007ffbbbfb0000 - 0x00007ffbbbfe4000 	C:\WINDOWS\SYSTEM32\dbgcore.DLL
0x00007ffbd4c10000 - 0x00007ffbd4c92000 	C:\WINDOWS\System32\bcryptPrimitives.dll
0x00007ffbc1d50000 - 0x00007ffbc1d5e000 	C:\Program Files\Java\jdk-19\bin\instrument.dll
0x00007ffb80570000 - 0x00007ffb80596000 	C:\Program Files\Java\jdk-19\bin\java.dll
0x00007ffb7f220000 - 0x00007ffb7f2f7000 	C:\Program Files\Java\jdk-19\bin\jsvml.dll
0x00007ffbd5b90000 - 0x00007ffbd62d4000 	C:\WINDOWS\System32\SHELL32.dll
0x00007ffbd24c0000 - 0x00007ffbd2c53000 	C:\WINDOWS\SYSTEM32\windows.storage.dll
0x00007ffbd5020000 - 0x00007ffbd5374000 	C:\WINDOWS\System32\combase.dll
0x00007ffbd3e60000 - 0x00007ffbd3e8e000 	C:\WINDOWS\SYSTEM32\Wldp.dll
0x00007ffbd64d0000 - 0x00007ffbd657d000 	C:\WINDOWS\System32\SHCORE.dll
0x00007ffbd6b00000 - 0x00007ffbd6b55000 	C:\WINDOWS\System32\shlwapi.dll
0x00007ffbd4340000 - 0x00007ffbd435f000 	C:\WINDOWS\SYSTEM32\profapi.dll
0x00007ffb80550000 - 0x00007ffb80568000 	C:\Program Files\Java\jdk-19\bin\zip.dll
0x00007ffb8e1d0000 - 0x00007ffb8e1e3000 	C:\Program Files\Java\jdk-19\bin\net.dll
0x00007ffbcc6f0000 - 0x00007ffbcc7fa000 	C:\WINDOWS\SYSTEM32\WINHTTP.dll
0x00007ffbd3bc0000 - 0x00007ffbd3c2a000 	C:\WINDOWS\system32\mswsock.dll
0x00007ffb83ad0000 - 0x00007ffb83ae6000 	C:\Program Files\Java\jdk-19\bin\nio.dll
0x00007ffbb6960000 - 0x00007ffbb697a000 	C:\Program Files\JetBrains\IntelliJ IDEA Community Edition 2022.3.3\bin\breakgen64.dll
0x00007ffb94c60000 - 0x00007ffb94c68000 	C:\Program Files\Java\jdk-19\bin\extnet.dll
0x00007ffb8ec60000 - 0x00007ffb8ec70000 	C:\Program Files\Java\jdk-19\bin\verify.dll
0x00007ffbd3db0000 - 0x00007ffbd3dc8000 	C:\WINDOWS\SYSTEM32\CRYPTSP.dll
0x00007ffbd3470000 - 0x00007ffbd34a4000 	C:\WINDOWS\system32\rsaenh.dll
0x00007ffbd4700000 - 0x00007ffbd4727000 	C:\WINDOWS\System32\bcrypt.dll
0x00007ffbd42c0000 - 0x00007ffbd42ee000 	C:\WINDOWS\SYSTEM32\USERENV.dll
0x00007ffbd3dd0000 - 0x00007ffbd3ddc000 	C:\WINDOWS\SYSTEM32\CRYPTBASE.dll
0x00007ffbd3860000 - 0x00007ffbd389c000 	C:\WINDOWS\SYSTEM32\IPHLPAPI.DLL
0x00007ffbd62e0000 - 0x00007ffbd62e8000 	C:\WINDOWS\System32\NSI.dll
0x00007ffbcd670000 - 0x00007ffbcd687000 	C:\WINDOWS\SYSTEM32\dhcpcsvc6.DLL
0x00007ffbcdbb0000 - 0x00007ffbcdbcd000 	C:\WINDOWS\SYSTEM32\dhcpcsvc.DLL
0x00007ffbd38b0000 - 0x00007ffbd397b000 	C:\WINDOWS\SYSTEM32\DNSAPI.dll
0x00007ffbc1aa0000 - 0x00007ffbc1aaa000 	C:\Users\ˆ¹“¤•…\AppData\Local\Temp\jansi-1.17.1-3072047831295774423.dll

dbghelp: loaded successfully - version: 4.0.5 - missing functions: none
symbol engine: initialized successfully - sym options: 0x614 - pdb path: .;C:\Program Files\Java\jdk-19\bin;C:\WINDOWS\SYSTEM32;C:\WINDOWS\WinSxS\amd64_microsoft.windows.common-controls_6595b64144ccf1df_6.0.19041.1110_none_60b5254171f9507e;C:\WINDOWS\system32\tmumh\20019\AddOn\8.55.0.1125;C:\WINDOWS\system32\tmumh\20019\TmMon\2.9.0.1043;C:\Program Files\Java\jdk-19\bin\server;C:\Program Files\JetBrains\IntelliJ IDEA Community Edition 2022.3.3\bin;C:\Users\ˆ¹“¤•…\AppData\Local\T

VM Arguments:
jvm_args: -Dmaven.multiModuleProjectDirectory=C:\Users\ˆ¹“¤•…\Desktop\ŠJ”­ŠÂ‹«\SkyBlockPlugin -Djansi.passthrough=true -Dmaven.home=C:\Program Files\JetBrains\IntelliJ IDEA Community Edition 2022.3.3\plugins\maven\lib\maven3 -Dclassworlds.conf=C:\Program Files\JetBrains\IntelliJ IDEA Community Edition 2022.3.3\plugins\maven\lib\maven3\bin\m2.conf -Dmaven.ext.class.path=C:\Program Files\JetBrains\IntelliJ IDEA Community Edition 2022.3.3\plugins\maven\lib\maven-event-listener.jar -javaagent:C:\Program Files\JetBrains\IntelliJ IDEA Community Edition 2022.3.3\lib\idea_rt.jar=49451:C:\Program Files\JetBrains\IntelliJ IDEA Community Edition 2022.3.3\bin -Dfile.encoding=UTF-8 -Dsun.stdout.encoding=UTF-8 -Dsun.stderr.encoding=UTF-8 
java_command: org.codehaus.classworlds.Launcher -Didea.version=2022.3.3 package
java_class_path (initial): C:\Program Files\JetBrains\IntelliJ IDEA Community Edition 2022.3.3\plugins\maven\lib\maven3\boot\plexus-classworlds-2.6.0.jar;C:\Program Files\JetBrains\IntelliJ IDEA Community Edition 2022.3.3\plugins\maven\lib\maven3\boot\plexus-classworlds.license
Launcher Type: SUN_STANDARD

[Global flags]
     intx CICompilerCount                          = 12                                        {product} {ergonomic}
     uint ConcGCThreads                            = 3                                         {product} {ergonomic}
     uint G1ConcRefinementThreads                  = 13                                        {product} {ergonomic}
   size_t G1HeapRegionSize                         = 2097152                                   {product} {ergonomic}
    uintx GCDrainStackTargetSize                   = 64                                        {product} {ergonomic}
   size_t InitialHeapSize                          = 266338304                                 {product} {ergonomic}
   size_t MarkStackSize                            = 4194304                                   {product} {ergonomic}
   size_t MaxHeapSize                              = 4261412864                                {product} {ergonomic}
   size_t MaxNewSize                               = 2556428288                                {product} {ergonomic}
   size_t MinHeapDeltaBytes                        = 2097152                                   {product} {ergonomic}
   size_t MinHeapSize                              = 8388608                                   {product} {ergonomic}
    uintx NonNMethodCodeHeapSize                   = 7602480                                {pd product} {ergonomic}
    uintx NonProfiledCodeHeapSize                  = 122027880                              {pd product} {ergonomic}
    uintx ProfiledCodeHeapSize                     = 122027880                              {pd product} {ergonomic}
    uintx ReservedCodeCacheSize                    = 251658240                              {pd product} {ergonomic}
     bool SegmentedCodeCache                       = true                                      {product} {ergonomic}
   size_t SoftMaxHeapSize                          = 4261412864                             {manageable} {ergonomic}
     bool UseCompressedClassPointers               = true                           {product lp64_product} {ergonomic}
     bool UseCompressedOops                        = true                           {product lp64_product} {ergonomic}
     bool UseG1GC                                  = true                                      {product} {ergonomic}
     bool UseLargePagesIndividualAllocation        = false                                  {pd product} {ergonomic}

Logging:
Log output configuration:
 #0: stdout all=warning uptime,level,tags foldmultilines=false
 #1: stderr all=off uptime,level,tags foldmultilines=false

Environment Variables:
PATH=C:\Program Files\Trend Micro\AMSP\;C:\Program Files (x86)\Razer\ChromaBroadcast\bin;C:\Program Files\Razer\ChromaBroadcast\bin;C:\Program Files\Java\jdk-19\;C:\Program Files\Common Files\Oracle\Java\javapath;C:\WINDOWS\system32;C:\WINDOWS;C:\WINDOWS\System32\Wbem;C:\WINDOWS\System32\WindowsPowerShell\v1.0\;C:\WINDOWS\System32\OpenSSH\;C:\Program Files\Git\cmd;C:\WINDOWS\system32\config\systemprofile\AppData\Local\Microsoft\WindowsApps;C:\Users\ˆ¹“¤•…\AppData\Local\Microsoft\WindowsApps;;C:\Users\ˆ¹“¤•…\AppData\Local\Programs\Microsoft VS Code\bin
USERNAME=ˆ¹“¤•…
OS=Windows_NT
PROCESSOR_IDENTIFIER=Intel64 Family 6 Model 165 Stepping 5, GenuineIntel
TMP=C:\Users\ˆ¹“¤•…\AppData\Local\Temp
TEMP=C:\Users\ˆ¹“¤•…\AppData\Local\Temp



---------------  S Y S T E M  ---------------

OS:
 Windows 10 , 64 bit Build 19041 (10.0.19041.2788)
OS uptime: 0 days 17:20 hours

CPU: total 16 (initial active 16) (8 cores per cpu, 2 threads per core) family 6 model 165 stepping 5 microcode 0xec, cx8, cmov, fxsr, ht, mmx, 3dnowpref, sse, sse2, sse3, ssse3, sse4.1, sse4.2, popcnt, lzcnt, tsc, tscinvbit, avx, avx2, aes, erms, clmul, bmi1, bmi2, adx, fma, vzeroupper, clflush, clflushopt, rdtscp

Memory: 4k page, system-wide physical 16252M (2212M free)
TotalPageFile size 65404M (AvailPageFile size 4M)
current process WorkingSet (physical memory assigned to process): 91M, peak: 91M
current process commit charge ("private bytes"): 382M, peak: 382M

vm_info: Java HotSpot(TM) 64-Bit Server VM (19.0.2+7-44) for windows-amd64 JRE (19.0.2+7-44), built on 2022-11-30T18:02:09Z by "mach5one" with MS VC++ 17.1 (VS2022)

END.
